app/build/intermediates/manifest_merge_blame_file/debug/processDebugMainManifest/manifest-merger-blame-debug-report.txt
1<?xml version="1.0" encoding="utf-8"?>
2<manifest xmlns:android="http://schemas.android.com/apk/res/android"
3    package="com.racktrack"
4    android:versionCode="1"
5    android:versionName="0.1.0" >
6
7    <uses-sdk
7-->INJECTED
8        android:minSdkVersion="26"
8-->INJECTED
9        android:targetSdkVersion="36" />
9-->INJECTED
10
11    <permission
11-->[androidx.core:core:1.16.0] AndroidManifest.xml:22:5-24:47
12        android:name="com.racktrack.DYNAMIC_RECEIVER_NOT_EXPORTED_PERMISSION"
12-->[androidx.core:core:1.16.0] AndroidManifest.xml:23:9-81
13        android:protectionLevel="signature" />
13-->[androidx.core:core:1.16.0] AndroidManifest.xml:24:9-44
14
15    <uses-permission android:name="com.racktrack.DYNAMIC_RECEIVER_NOT_EXPORTED_PERMISSION" />
15-->[androidx.core:core:1.16.0] AndroidManifest.xml:26:5-97
15-->[androidx.core:core:1.16.0] AndroidManifest.xml:26:22-94
16
17    <application
17-->src/main/AndroidManifest.xml:4:5-21:19
18        android:allowBackup="true"
18-->src/main/AndroidManifest.xml:5:9-35
19        android:appComponentFactory="androidx.core.app.CoreComponentFactory"
19-->[androidx.core:core:1.16.0] AndroidManifest.xml:28:18-86
20        android:debuggable="true"
21        android:extractNativeLibs="false"
21-->INJECTED
22        android:icon="@mipmap/ic_launcher"
22-->src/main/AndroidManifest.xml:6:9-43
23        android:label="@string/app_name"
23-->src/main/AndroidManifest.xml:7:9-41
24        android:supportsRtl="true"
24-->src/main/AndroidManifest.xml:8:9-35
25        android:theme="@style/Theme.RackTrack" >
25-->src/main/AndroidManifest.xml:9:9-47
26        <activity
26-->src/main/AndroidManifest.xml:10:9-20:20
27            android:name="com.racktrack.MainActivity"
27-->src/main/AndroidManifest.xml:11:13-41
28            android:configChanges="orientation|screenSize|keyboardHidden"
28-->src/main/AndroidManifest.xml:14:13-74
29            android:exported="true"
29-->src/main/AndroidManifest.xml:12:13-36
30            android:screenOrientation="sensorLandscape"
30-->src/main/AndroidManifest.xml:13:13-56
31            android:theme="@style/Theme.RackTrack" >
31-->src/main/AndroidManifest.xml:15:13-51
32            <intent-filter>
32-->src/main/AndroidManifest.xml:16:13-19:29
33                <action android:name="android.intent.action.MAIN" />
33-->src/main/AndroidManifest.xml:17:17-69
33-->src/main/AndroidManifest.xml:17:25-66
34
35                <category android:name="android.intent.category.LAUNCHER" />
35-->src/main/AndroidManifest.xml:18:17-77
35-->src/main/AndroidManifest.xml:18:27-74
36            </intent-filter>
37        </activity>
38        <activity
38-->[androidx.compose.ui:ui-tooling-android:1.11.4] AndroidManifest.xml:23:9-25:39
39            android:name="androidx.compose.ui.tooling.PreviewActivity"
39-->[androidx.compose.ui:ui-tooling-android:1.11.4] AndroidManifest.xml:24:13-71
40            android:exported="true" />
40-->[androidx.compose.ui:ui-tooling-android:1.11.4] AndroidManifest.xml:25:13-36
41
42        <provider
42-->[androidx.emoji2:emoji2:1.4.0] AndroidManifest.xml:24:9-32:20
43            android:name="androidx.startup.InitializationProvider"
43-->[androidx.emoji2:emoji2:1.4.0] AndroidManifest.xml:25:13-67
44            android:authorities="com.racktrack.androidx-startup"
44-->[androidx.emoji2:emoji2:1.4.0] AndroidManifest.xml:26:13-68
45            android:exported="false" >
45-->[androidx.emoji2:emoji2:1.4.0] AndroidManifest.xml:27:13-37
46            <meta-data
46-->[androidx.emoji2:emoji2:1.4.0] AndroidManifest.xml:29:13-31:52
47                android:name="androidx.emoji2.text.EmojiCompatInitializer"
47-->[androidx.emoji2:emoji2:1.4.0] AndroidManifest.xml:30:17-75
48                android:value="androidx.startup" />
48-->[androidx.emoji2:emoji2:1.4.0] AndroidManifest.xml:31:17-49
49            <meta-data
49-->[androidx.lifecycle:lifecycle-process:2.9.4] AndroidManifest.xml:29:13-31:52
50                android:name="androidx.lifecycle.ProcessLifecycleInitializer"
50-->[androidx.lifecycle:lifecycle-process:2.9.4] AndroidManifest.xml:30:17-78
51                android:value="androidx.startup" />
51-->[androidx.lifecycle:lifecycle-process:2.9.4] AndroidManifest.xml:31:17-49
52            <meta-data
52-->[androidx.profileinstaller:profileinstaller:1.4.0] AndroidManifest.xml:29:13-31:52
53                android:name="androidx.profileinstaller.ProfileInstallerInitializer"
53-->[androidx.profileinstaller:profileinstaller:1.4.0] AndroidManifest.xml:30:17-85
54                android:value="androidx.startup" />
54-->[androidx.profileinstaller:profileinstaller:1.4.0] AndroidManifest.xml:31:17-49
55        </provider>
56
57        <uses-library
57-->[androidx.window:window:1.5.0] AndroidManifest.xml:23:9-25:40
58            android:name="androidx.window.extensions"
58-->[androidx.window:window:1.5.0] AndroidManifest.xml:24:13-54
59            android:required="false" />
59-->[androidx.window:window:1.5.0] AndroidManifest.xml:25:13-37
60        <uses-library
60-->[androidx.window:window:1.5.0] AndroidManifest.xml:26:9-28:40
61            android:name="androidx.window.sidecar"
61-->[androidx.window:window:1.5.0] AndroidManifest.xml:27:13-51
62            android:required="false" />
62-->[androidx.window:window:1.5.0] AndroidManifest.xml:28:13-37
63
64        <receiver
64-->[androidx.profileinstaller:profileinstaller:1.4.0] AndroidManifest.xml:34:9-52:20
65            android:name="androidx.profileinstaller.ProfileInstallReceiver"
65-->[androidx.profileinstaller:profileinstaller:1.4.0] AndroidManifest.xml:35:13-76
66            android:directBootAware="false"
66-->[androidx.profileinstaller:profileinstaller:1.4.0] AndroidManifest.xml:36:13-44
67            android:enabled="true"
67-->[androidx.profileinstaller:profileinstaller:1.4.0] AndroidManifest.xml:37:13-35
68            android:exported="true"
68-->[androidx.profileinstaller:profileinstaller:1.4.0] AndroidManifest.xml:38:13-36
69            android:permission="android.permission.DUMP" >
69-->[androidx.profileinstaller:profileinstaller:1.4.0] AndroidManifest.xml:39:13-57
70            <intent-filter>
70-->[androidx.profileinstaller:profileinstaller:1.4.0] AndroidManifest.xml:40:13-42:29
71                <action android:name="androidx.profileinstaller.action.INSTALL_PROFILE" />
71-->[androidx.profileinstaller:profileinstaller:1.4.0] AndroidManifest.xml:41:17-91
71-->[androidx.profileinstaller:profileinstaller:1.4.0] AndroidManifest.xml:41:25-88
72            </intent-filter>
73            <intent-filter>
73-->[androidx.profileinstaller:profileinstaller:1.4.0] AndroidManifest.xml:43:13-45:29
74                <action android:name="androidx.profileinstaller.action.SKIP_FILE" />
74-->[androidx.profileinstaller:profileinstaller:1.4.0] AndroidManifest.xml:44:17-85
74-->[androidx.profileinstaller:profileinstaller:1.4.0] AndroidManifest.xml:44:25-82
75            </intent-filter>
76            <intent-filter>
76-->[androidx.profileinstaller:profileinstaller:1.4.0] AndroidManifest.xml:46:13-48:29
77                <action android:name="androidx.profileinstaller.action.SAVE_PROFILE" />
77-->[androidx.profileinstaller:profileinstaller:1.4.0] AndroidManifest.xml:47:17-88
77-->[androidx.profileinstaller:profileinstaller:1.4.0] AndroidManifest.xml:47:25-85
78            </intent-filter>
79            <intent-filter>
79-->[androidx.profileinstaller:profileinstaller:1.4.0] AndroidManifest.xml:49:13-51:29
80                <action android:name="androidx.profileinstaller.action.BENCHMARK_OPERATION" />
80-->[androidx.profileinstaller:profileinstaller:1.4.0] AndroidManifest.xml:50:17-95
80-->[androidx.profileinstaller:profileinstaller:1.4.0] AndroidManifest.xml:50:25-92
81            </intent-filter>
82        </receiver>
83    </application>
84
85</manifest>